<?xml version="1.0" encoding="UTF-8"?>
<!-- Generated by org.testng.reporters.JUnitReportReporter -->
<testsuite skipped="0" hostname="PU-NB-MSIN" name="com.hubspot.keyword.testcases.LoginTest" tests="2" failures="0" timestamp="07 Apr 2019 19:54:10 GMT" time="31.032" errors="0">
  <testcase name="loginTest" time="10.646" classname="com.hubspot.keyword.testcases.LoginTest"/>
  <testcase name="SignUpLinkTest" time="20.386" classname="com.hubspot.keyword.testcases.LoginTest"/>
</testsuite> <!-- com.hubspot.keyword.testcases.LoginTest -->
