<?xml version="1.0" encoding="UTF-8"?>
<!-- Generated by org.testng.reporters.JUnitReportReporter -->
<testsuite skipped="0" hostname="PU-NB-MSIN" name="com.hubspot.keyword.testcases.LoginTest" tests="1" failures="0" timestamp="07 Apr 2019 11:13:53 GMT" time="36.089" errors="0">
  <testcase name="loginTest" time="36.089" classname="com.hubspot.keyword.testcases.LoginTest"/>
</testsuite> <!-- com.hubspot.keyword.testcases.LoginTest -->
